TN:
SF:index.js
FN:25,(anonymous_0)
FNF:1
FNH:1
FNDA:2,(anonymous_0)
DA:1,2
DA:2,2
DA:3,2
DA:5,2
DA:8,2
DA:9,2
DA:10,2
DA:11,2
DA:14,2
DA:15,2
DA:16,2
DA:19,2
DA:20,2
DA:21,2
DA:22,2
DA:23,2
DA:25,2
LF:17
LH:17
BRF:0
BRH:0
end_of_record
TN:
SF:config\googleClient.js
FNF:0
FNH:0
DA:1,3
DA:3,3
DA:4,3
DA:5,3
LF:4
LH:4
BRF:0
BRH:0
end_of_record
TN:
SF:controllers\authController.js
FN:4,(anonymous_0)
FNF:1
FNH:1
FNDA:1,(anonymous_0)
DA:1,3
DA:2,3
DA:3,3
DA:4,3
DA:5,1
DA:9,1
DA:10,1
DA:11,0
DA:20,3
LF:9
LH:8
BRF:0
BRH:0
end_of_record
TN:
SF:controllers\streamController.js
FN:4,(anonymous_0)
FN:9,(anonymous_1)
FN:13,(anonymous_2)
FN:23,(anonymous_3)
FN:28,(anonymous_4)
FN:36,(anonymous_5)
FNF:6
FNH:3
FNDA:1,(anonymous_0)
FNDA:1,(anonymous_1)
FNDA:1,(anonymous_2)
FNDA:0,(anonymous_3)
FNDA:0,(anonymous_4)
FNDA:0,(anonymous_5)
DA:1,2
DA:2,2
DA:4,2
DA:5,1
DA:6,1
DA:9,2
DA:10,1
DA:13,2
DA:14,1
DA:18,1
DA:20,0
DA:23,2
DA:24,0
DA:25,0
DA:26,0
DA:28,2
DA:29,0
DA:30,0
DA:31,0
DA:32,0
DA:33,0
DA:34,0
DA:36,2
DA:37,0
DA:38,0
DA:41,2
LF:26
LH:14
BRF:0
BRH:0
end_of_record
TN:
SF:middleware\auth.js
FN:3,auth
FNF:1
FNH:1
FNDA:7,auth
DA:1,3
DA:4,7
DA:5,7
DA:7,5
DA:8,5
DA:9,3
DA:10,3
DA:12,2
DA:16,3
LF:9
LH:9
BRDA:5,0,0,2
BRDA:5,0,1,5
BRF:2
BRH:2
end_of_record
TN:
SF:middleware\owner.js
FN:1,owner
FNF:1
FNH:0
FNDA:0,owner
DA:2,0
DA:3,0
DA:4,0
DA:5,0
DA:8,2
LF:5
LH:1
BRDA:3,0,0,0
BRDA:3,0,1,0
BRDA:3,1,0,0
BRDA:3,1,1,0
BRF:4
BRH:0
end_of_record
TN:
SF:middleware\stream.js
FN:4,stream
FNF:1
FNH:1
FNDA:3,stream
DA:1,2
DA:2,2
DA:5,3
DA:6,3
DA:7,3
DA:8,2
DA:9,2
DA:11,1
DA:12,1
DA:15,2
LF:10
LH:10
BRDA:7,0,0,1
BRDA:7,0,1,2
BRDA:9,1,0,1
BRDA:9,1,1,1
BRF:4
BRH:4
end_of_record
TN:
SF:middleware\validateStream.js
FN:3,validateStream
FNF:1
FNH:1
FNDA:2,validateStream
DA:1,2
DA:4,2
DA:5,2
DA:6,1
DA:9,2
LF:5
LH:5
BRDA:5,0,0,1
BRDA:5,0,1,1
BRF:2
BRH:2
end_of_record
TN:
SF:models\stream.js
FN:25,(anonymous_0)
FN:32,(anonymous_1)
FNF:2
FNH:1
FNDA:0,(anonymous_0)
FNDA:2,(anonymous_1)
DA:1,2
DA:2,2
DA:3,2
DA:4,2
DA:5,2
DA:25,2
DA:27,0
DA:30,0
DA:32,2
DA:33,2
DA:37,2
DA:40,2
DA:41,2
DA:42,2
LF:14
LH:12
BRF:0
BRH:0
end_of_record
TN:
SF:models\user.js
FN:33,(anonymous_0)
FN:44,(anonymous_1)
FN:52,(anonymous_2)
FNF:3
FNH:3
FNDA:1,(anonymous_0)
FNDA:6,(anonymous_1)
FNDA:6,(anonymous_2)
DA:1,5
DA:2,5
DA:3,5
DA:4,5
DA:6,5
DA:28,5
DA:33,5
DA:34,1
DA:42,0
DA:44,5
DA:45,6
DA:52,5
DA:53,6
DA:58,6
DA:60,5
DA:61,5
DA:62,5
DA:63,5
DA:64,5
LF:19
LH:18
BRF:0
BRH:0
end_of_record
TN:
SF:routes\auth.js
FNF:0
FNH:0
DA:1,2
DA:2,2
DA:4,2
DA:6,2
DA:8,2
LF:5
LH:5
BRF:0
BRH:0
end_of_record
TN:
SF:routes\streams.js
FNF:0
FNH:0
DA:1,2
DA:3,2
DA:4,2
DA:5,2
DA:6,2
DA:7,2
DA:8,2
DA:10,2
DA:12,2
DA:14,2
DA:23,2
DA:25,2
DA:27,2
LF:13
LH:13
BRF:0
BRH:0
end_of_record
TN:
SF:startup\dbConnect.js
FN:3,(anonymous_0)
FN:6,(anonymous_1)
FN:9,(anonymous_2)
FNF:3
FNH:3
FNDA:3,(anonymous_0)
FNDA:2,(anonymous_1)
FNDA:1,(anonymous_2)
DA:1,3
DA:3,3
DA:4,3
DA:7,2
DA:10,1
DA:14,3
LF:6
LH:6
BRF:0
BRH:0
end_of_record
TN:
SF:startup\proxy.js
FN:7,(anonymous_0)
FN:15,(anonymous_1)
FNF:2
FNH:1
FNDA:0,(anonymous_0)
FNDA:1,(anonymous_1)
DA:1,2
DA:2,2
DA:3,2
DA:4,2
DA:5,2
DA:7,2
DA:8,0
DA:9,0
DA:10,0
DA:11,0
DA:12,0
DA:15,2
DA:16,1
LF:13
LH:8
BRF:0
BRH:0
end_of_record
TN:
SF:startup\rtmpserver.js
FN:30,(anonymous_0)
FN:33,(anonymous_1)
FNF:2
FNH:0
FNDA:0,(anonymous_0)
FNDA:0,(anonymous_1)
DA:1,2
DA:3,2
DA:28,2
DA:29,2
DA:30,2
DA:31,0
DA:33,2
DA:34,0
LF:8
LH:6
BRF:0
BRH:0
end_of_record
TN:
SF:util\validation.js
FN:4,(anonymous_0)
FN:9,(anonymous_1)
FNF:2
FNH:2
FNDA:3,(anonymous_0)
FNDA:4,(anonymous_1)
DA:1,3
DA:2,3
DA:4,3
DA:5,3
DA:6,1
DA:9,3
DA:10,4
DA:11,4
DA:15,4
DA:16,2
DA:17,2
DA:18,3
DA:20,2
DA:22,3
LF:14
LH:14
BRDA:5,0,0,2
BRDA:5,0,1,1
BRDA:15,1,0,2
BRDA:15,1,1,2
BRF:4
BRH:4
end_of_record
